<?xml version="1.0" encoding="UTF-8"?>
<!-- Generated by org.testng.reporters.JUnitXMLReporter -->
<testsuite hostname="Muhammads-MacBook-Air.local" ignored="2" name="Amazon Home" tests="2" failures="0" timestamp="19 May 2018 07:20:47 GMT" time="49.213" errors="0">
  <testcase name="test1" time="35.396" classname="search.TestLandingPage"/>
  <testcase name="dropMenuList" time="0.335" classname="dropDownMenu.TestDropMenu"/>
  <testcase name="@AfterSuite generateReport" time="0.0" classname="base.CommonAPI">
    <ignored/>
  </testcase> <!-- @AfterSuite generateReport -->
  <testcase name="@BeforeSuite extentSetup" time="0.0" classname="base.CommonAPI">
    <ignored/>
  </testcase> <!-- @BeforeSuite extentSetup -->
</testsuite> <!-- Amazon Home -->
