<?xml version="1.0" encoding="UTF-8"?>
<testng-results skipped="0" failed="0" ignored="2" total="4" passed="2">
  <reporter-output>
    <line>
      <![CDATA[Extent Report Directory/Users/bravo1516/Web-Automation-Framework/WebAuto-Framework/Amazon/test-output/html]]>
    </line>
  </reporter-output>
  <suite name="Aamazon Automation Script" duration-ms="49213" started-at="2018-05-19T07:19:58Z" finished-at="2018-05-19T07:20:47Z">
    <groups>
    </groups>
    <test name="Amazon Home" duration-ms="49213" started-at="2018-05-19T07:19:58Z" finished-at="2018-05-19T07:20:47Z">
      <class name="dropDownMenu.TestDropMenu">
        <test-method status="PASS" signature="setUp(boolean, java.lang.String, java.lang.String, java.lang.String, java.lang.String, java.lang.String, java.lang.String)[pri:0, instance:dropDownMenu.TestDropMenu@627551fb]" name="setUp" is-config="true" duration-ms="5442" started-at="2018-05-19T07:20:41Z" finished-at="2018-05-19T07:20:46Z">
          <params>
            <param index="0">
              <value>
                <![CDATA[false]]>
              </value>
            </param>
            <param index="1">
              <value>
                <![CDATA[browserstack]]>
              </value>
            </param>
            <param index="2">
              <value>
                <![CDATA[OS X]]>
              </value>
            </param>
            <param index="3">
              <value>
                <![CDATA[Sierra]]>
              </value>
            </param>
            <param index="4">
              <value>
                <![CDATA[chrome]]>
              </value>
            </param>
            <param index="5">
              <value>
                <![CDATA[60.0]]>
              </value>
            </param>
            <param index="6">
              <value>
                <![CDATA[https://www.amazon.com/]]>
              </value>
            </param>
          </params>
          <reporter-output>
          </reporter-output>
        </test-method> <!-- setUp -->
        <test-method status="PASS" signature="startExtent(java.lang.reflect.Method)[pri:0, instance:dropDownMenu.TestDropMenu@627551fb]" name="startExtent" is-config="true" duration-ms="1" started-at="2018-05-19T07:20:46Z" finished-at="2018-05-19T07:20:46Z">
          <params>
            <param index="0">
              <value>
                <![CDATA[public void dropDownMenu.TestDropMenu.dropMenuList()]]>
              </value>
            </param>
          </params>
          <reporter-output>
          </reporter-output>
        </test-method> <!-- startExtent -->
        <test-method status="PASS" signature="dropMenuList()[pri:0, instance:dropDownMenu.TestDropMenu@627551fb]" name="dropMenuList" duration-ms="335" started-at="2018-05-19T07:20:46Z" finished-at="2018-05-19T07:20:47Z">
          <reporter-output>
          </reporter-output>
        </test-method> <!-- dropMenuList -->
        <test-method status="PASS" signature="afterEachTestMethod(org.testng.ITestResult)[pri:0, instance:dropDownMenu.TestDropMenu@627551fb]" name="afterEachTestMethod" is-config="true" duration-ms="275" started-at="2018-05-19T07:20:47Z" finished-at="2018-05-19T07:20:47Z">
          <params>
            <param index="0">
              <value>
                <![CDATA[[TestResult name=dropMenuList status=SUCCESS method=TestDropMenu.dropMenuList()[pri:0, instance:dropDownMenu.TestDropMenu@627551fb] output={null}]]]>
              </value>
            </param>
          </params>
          <reporter-output>
          </reporter-output>
        </test-method> <!-- afterEachTestMethod -->
        <test-method status="PASS" signature="afterMethod()[pri:0, instance:dropDownMenu.TestDropMenu@627551fb]" name="afterMethod" is-config="true" duration-ms="0" started-at="2018-05-19T07:20:47Z" finished-at="2018-05-19T07:20:47Z">
          <reporter-output>
          </reporter-output>
        </test-method> <!-- afterMethod -->
      </class> <!-- dropDownMenu.TestDropMenu -->
      <class name="search.TestLandingPage">
        <test-method status="PASS" signature="extentSetup(org.testng.ITestContext)[pri:0, instance:search.TestLandingPage@3701eaf6]" name="extentSetup" is-config="true" duration-ms="654" started-at="2018-05-19T07:19:57Z" finished-at="2018-05-19T07:19:58Z">
          <params>
            <param index="0">
              <value>
                <![CDATA[org.testng.TestRunner@5d018107]]>
              </value>
            </param>
          </params>
          <reporter-output>
            <line>
              <![CDATA[Extent Report Directory/Users/bravo1516/Web-Automation-Framework/WebAuto-Framework/Amazon/test-output/html]]>
            </line>
          </reporter-output>
        </test-method> <!-- extentSetup -->
        <test-method status="PASS" signature="setUp(boolean, java.lang.String, java.lang.String, java.lang.String, java.lang.String, java.lang.String, java.lang.String)[pri:0, instance:search.TestLandingPage@3701eaf6]" name="setUp" is-config="true" duration-ms="7172" started-at="2018-05-19T07:19:58Z" finished-at="2018-05-19T07:20:05Z">
          <params>
            <param index="0">
              <value>
                <![CDATA[false]]>
              </value>
            </param>
            <param index="1">
              <value>
                <![CDATA[browserstack]]>
              </value>
            </param>
            <param index="2">
              <value>
                <![CDATA[OS X]]>
              </value>
            </param>
            <param index="3">
              <value>
                <![CDATA[Sierra]]>
              </value>
            </param>
            <param index="4">
              <value>
                <![CDATA[chrome]]>
              </value>
            </param>
            <param index="5">
              <value>
                <![CDATA[60.0]]>
              </value>
            </param>
            <param index="6">
              <value>
                <![CDATA[https://www.amazon.com/]]>
              </value>
            </param>
          </params>
          <reporter-output>
          </reporter-output>
        </test-method> <!-- setUp -->
        <test-method status="PASS" signature="startExtent(java.lang.reflect.Method)[pri:0, instance:search.TestLandingPage@3701eaf6]" name="startExtent" is-config="true" duration-ms="14" started-at="2018-05-19T07:20:05Z" finished-at="2018-05-19T07:20:05Z">
          <params>
            <param index="0">
              <value>
                <![CDATA[public void search.TestLandingPage.test1() throws java.io.IOException,java.lang.InterruptedException]]>
              </value>
            </param>
          </params>
          <reporter-output>
          </reporter-output>
        </test-method> <!-- startExtent -->
        <test-method status="PASS" signature="test1()[pri:0, instance:search.TestLandingPage@3701eaf6]" name="test1" duration-ms="35396" started-at="2018-05-19T07:20:05Z" finished-at="2018-05-19T07:20:40Z">
          <reporter-output>
          </reporter-output>
        </test-method> <!-- test1 -->
        <test-method status="PASS" signature="afterEachTestMethod(org.testng.ITestResult)[pri:0, instance:search.TestLandingPage@3701eaf6]" name="afterEachTestMethod" is-config="true" duration-ms="548" started-at="2018-05-19T07:20:40Z" finished-at="2018-05-19T07:20:41Z">
          <params>
            <param index="0">
              <value>
                <![CDATA[[TestResult name=test1 status=SUCCESS method=TestLandingPage.test1()[pri:0, instance:search.TestLandingPage@3701eaf6] output={null}]]]>
              </value>
            </param>
          </params>
          <reporter-output>
          </reporter-output>
        </test-method> <!-- afterEachTestMethod -->
        <test-method status="PASS" signature="afterMethod()[pri:0, instance:search.TestLandingPage@3701eaf6]" name="afterMethod" is-config="true" duration-ms="1" started-at="2018-05-19T07:20:41Z" finished-at="2018-05-19T07:20:41Z">
          <reporter-output>
          </reporter-output>
        </test-method> <!-- afterMethod -->
        <test-method status="PASS" signature="generateReport()[pri:0, instance:search.TestLandingPage@3701eaf6]" name="generateReport" is-config="true" duration-ms="50" started-at="2018-05-19T07:20:47Z" finished-at="2018-05-19T07:20:47Z">
          <reporter-output>
          </reporter-output>
        </test-method> <!-- generateReport -->
      </class> <!-- search.TestLandingPage -->
    </test> <!-- Amazon Home -->
  </suite> <!-- Aamazon Automation Script -->
</testng-results>
