<?xml version="1.0" encoding="UTF-8"?>
<testng-results skipped="0" failed="1" ignored="0" total="1" passed="0">
  <reporter-output>
    <line>
      <![CDATA[Extent Report Directory/Users/bravo1516/Web-Automation-Framework/WebAuto-Framework/Statefarm/test-output/html]]>
    </line>
  </reporter-output>
  <suite name="Statefarm Automation Script" duration-ms="26225" started-at="2018-05-23T20:35:04Z" finished-at="2018-05-23T20:35:30Z">
    <groups>
    </groups>
    <test name="Statefarm Home" duration-ms="26225" started-at="2018-05-23T20:35:04Z" finished-at="2018-05-23T20:35:30Z">
      <class name="database.page.TestSqlDataPage">
        <test-method status="PASS" signature="extentSetup(org.testng.ITestContext)[pri:0, instance:database.page.TestSqlDataPage@3a883ce7]" name="extentSetup" is-config="true" duration-ms="337" started-at="2018-05-23T20:35:03Z" finished-at="2018-05-23T20:35:04Z">
          <params>
            <param index="0">
              <value>
                <![CDATA[org.testng.TestRunner@4af0df05]]>
              </value>
            </param>
          </params>
          <reporter-output>
            <line>
              <![CDATA[Extent Report Directory/Users/bravo1516/Web-Automation-Framework/WebAuto-Framework/Statefarm/test-output/html]]>
            </line>
          </reporter-output>
        </test-method> <!-- extentSetup -->
        <test-method status="PASS" signature="setUp(boolean, java.lang.String, java.lang.String, java.lang.String, java.lang.String, java.lang.String, java.lang.String)[pri:0, instance:database.page.TestSqlDataPage@3a883ce7]" name="setUp" is-config="true" duration-ms="14675" started-at="2018-05-23T20:35:04Z" finished-at="2018-05-23T20:35:18Z">
          <params>
            <param index="0">
              <value>
                <![CDATA[false]]>
              </value>
            </param>
            <param index="1">
              <value>
                <![CDATA[browserstack]]>
              </value>
            </param>
            <param index="2">
              <value>
                <![CDATA[OS X]]>
              </value>
            </param>
            <param index="3">
              <value>
                <![CDATA[Sierra]]>
              </value>
            </param>
            <param index="4">
              <value>
                <![CDATA[firefox]]>
              </value>
            </param>
            <param index="5">
              <value>
                <![CDATA[53.0]]>
              </value>
            </param>
            <param index="6">
              <value>
                <![CDATA[https://www.statefarm.com/]]>
              </value>
            </param>
          </params>
          <reporter-output>
          </reporter-output>
        </test-method> <!-- setUp -->
        <test-method status="PASS" signature="startExtent(java.lang.reflect.Method)[pri:0, instance:database.page.TestSqlDataPage@3a883ce7]" name="startExtent" is-config="true" duration-ms="51" started-at="2018-05-23T20:35:18Z" finished-at="2018-05-23T20:35:18Z">
          <params>
            <param index="0">
              <value>
                <![CDATA[public void database.page.TestSqlDataPage.testDataBase() throws java.lang.InterruptedException,java.lang.Exception]]>
              </value>
            </param>
          </params>
          <reporter-output>
          </reporter-output>
        </test-method> <!-- startExtent -->
        <test-method status="FAIL" signature="testDataBase()[pri:0, instance:database.page.TestSqlDataPage@3a883ce7]" name="testDataBase" duration-ms="8549" started-at="2018-05-23T20:35:18Z" finished-at="2018-05-23T20:35:27Z">
          <exception class="java.lang.NullPointerException">
            <full-stacktrace>
              <![CDATA[java.lang.NullPointerException
at base.CommonAPI.getTextByXpath(CommonAPI.java:340)
at database.page.SqlDataPage.getAgentName(SqlDataPage.java:38)
at database.page.TestSqlDataPage.testDataBase(TestSqlDataPage.java:19)
at sun.reflect.NativeMethodAccessorImpl.invoke0(Native Method)
at sun.reflect.NativeMethodAccessorImpl.invoke(NativeMethodAccessorImpl.java:62)
at sun.reflect.DelegatingMethodAccessorImpl.invoke(DelegatingMethodAccessorImpl.java:43)
at java.lang.reflect.Method.invoke(Method.java:498)
at org.testng.internal.MethodInvocationHelper.invokeMethod(MethodInvocationHelper.java:124)
at org.testng.internal.Invoker.invokeMethod(Invoker.java:583)
at org.testng.internal.Invoker.invokeTestMethod(Invoker.java:719)
at org.testng.internal.Invoker.invokeTestMethods(Invoker.java:989)
at org.testng.internal.TestMethodWorker.invokeTestMethods(TestMethodWorker.java:125)
at org.testng.internal.TestMethodWorker.run(TestMethodWorker.java:109)
at org.testng.TestRunner.privateRun(TestRunner.java:648)
at org.testng.TestRunner.run(TestRunner.java:505)
at org.testng.SuiteRunner.runTest(SuiteRunner.java:455)
at org.testng.SuiteRunner.runSequentially(SuiteRunner.java:450)
at org.testng.SuiteRunner.privateRun(SuiteRunner.java:415)
at org.testng.SuiteRunner.run(SuiteRunner.java:364)
at org.testng.SuiteRunnerWorker.runSuite(SuiteRunnerWorker.java:52)
at org.testng.SuiteRunnerWorker.run(SuiteRunnerWorker.java:84)
at org.testng.TestNG.runSuitesSequentially(TestNG.java:1208)
at org.testng.TestNG.runSuitesLocally(TestNG.java:1137)
at org.testng.TestNG.runSuites(TestNG.java:1049)
at org.testng.TestNG.run(TestNG.java:1017)
at org.testng.IDEARemoteTestNG.run(IDEARemoteTestNG.java:72)
at org.testng.RemoteTestNGStarter.main(RemoteTestNGStarter.java:123)
]]>
            </full-stacktrace>
          </exception> <!-- java.lang.NullPointerException -->
          <reporter-output>
          </reporter-output>
        </test-method> <!-- testDataBase -->
        <test-method status="PASS" signature="afterEachTestMethod(org.testng.ITestResult)[pri:0, instance:database.page.TestSqlDataPage@3a883ce7]" name="afterEachTestMethod" is-config="true" duration-ms="2287" started-at="2018-05-23T20:35:27Z" finished-at="2018-05-23T20:35:29Z">
          <params>
            <param index="0">
              <value>
                <![CDATA[[TestResult name=testDataBase status=FAILURE method=TestSqlDataPage.testDataBase()[pri:0, instance:database.page.TestSqlDataPage@3a883ce7] output={null}]]]>
              </value>
            </param>
          </params>
          <reporter-output>
          </reporter-output>
        </test-method> <!-- afterEachTestMethod -->
        <test-method status="PASS" signature="afterMethod()[pri:0, instance:database.page.TestSqlDataPage@3a883ce7]" name="afterMethod" is-config="true" duration-ms="610" started-at="2018-05-23T20:35:29Z" finished-at="2018-05-23T20:35:30Z">
          <reporter-output>
          </reporter-output>
        </test-method> <!-- afterMethod -->
        <test-method status="PASS" signature="generateReport()[pri:0, instance:database.page.TestSqlDataPage@3a883ce7]" name="generateReport" is-config="true" duration-ms="164" started-at="2018-05-23T20:35:30Z" finished-at="2018-05-23T20:35:30Z">
          <reporter-output>
          </reporter-output>
        </test-method> <!-- generateReport -->
      </class> <!-- database.page.TestSqlDataPage -->
    </test> <!-- Statefarm Home -->
  </suite> <!-- Statefarm Automation Script -->
</testng-results>
