<?xml version="1.0" encoding="UTF-8"?>
<testng-results skipped="0" failed="0" ignored="4" total="7" passed="3">
  <reporter-output>
    <line>
      <![CDATA[Extent Report Directory/Users/bravo1516/Web-Automation-Framework/WebAuto-Framework/Statefarm/test-output/html]]>
    </line>
  </reporter-output>
  <suite name="Statefarm Automation Script" duration-ms="78757" started-at="2018-05-23T01:23:00Z" finished-at="2018-05-23T01:24:19Z">
    <groups>
    </groups>
    <test name="Statefarm Home" duration-ms="78757" started-at="2018-05-23T01:23:00Z" finished-at="2018-05-23T01:24:19Z">
      <class name="keyword.TestFeatures">
        <test-method status="PASS" signature="setUp(boolean, java.lang.String, java.lang.String, java.lang.String, java.lang.String, java.lang.String, java.lang.String)[pri:0, instance:keyword.TestFeatures@6737fd8f]" name="setUp" is-config="true" duration-ms="6814" started-at="2018-05-23T01:23:34Z" finished-at="2018-05-23T01:23:41Z">
          <params>
            <param index="0">
              <value>
                <![CDATA[true]]>
              </value>
            </param>
            <param index="1">
              <value>
                <![CDATA[browserstack]]>
              </value>
            </param>
            <param index="2">
              <value>
                <![CDATA[OS X]]>
              </value>
            </param>
            <param index="3">
              <value>
                <![CDATA[Sierra]]>
              </value>
            </param>
            <param index="4">
              <value>
                <![CDATA[firefox]]>
              </value>
            </param>
            <param index="5">
              <value>
                <![CDATA[53.0]]>
              </value>
            </param>
            <param index="6">
              <value>
                <![CDATA[https://www.statefarm.com/]]>
              </value>
            </param>
          </params>
          <reporter-output>
          </reporter-output>
        </test-method> <!-- setUp -->
        <test-method status="PASS" signature="startExtent(java.lang.reflect.Method)[pri:0, instance:keyword.TestFeatures@6737fd8f]" name="startExtent" is-config="true" duration-ms="1" started-at="2018-05-23T01:23:41Z" finished-at="2018-05-23T01:23:41Z">
          <params>
            <param index="0">
              <value>
                <![CDATA[public void keyword.TestFeatures.testKeyword() throws java.io.IOException,java.lang.InterruptedException]]>
              </value>
            </param>
          </params>
          <reporter-output>
          </reporter-output>
        </test-method> <!-- startExtent -->
        <test-method status="PASS" signature="testKeyword()[pri:0, instance:keyword.TestFeatures@6737fd8f]" name="testKeyword" duration-ms="19917" started-at="2018-05-23T01:23:41Z" finished-at="2018-05-23T01:24:01Z">
          <reporter-output>
          </reporter-output>
        </test-method> <!-- testKeyword -->
        <test-method status="PASS" signature="afterEachTestMethod(org.testng.ITestResult)[pri:0, instance:keyword.TestFeatures@6737fd8f]" name="afterEachTestMethod" is-config="true" duration-ms="82" started-at="2018-05-23T01:24:01Z" finished-at="2018-05-23T01:24:01Z">
          <params>
            <param index="0">
              <value>
                <![CDATA[[TestResult name=testKeyword status=SUCCESS method=TestFeatures.testKeyword()[pri:0, instance:keyword.TestFeatures@6737fd8f] output={null}]]]>
              </value>
            </param>
          </params>
          <reporter-output>
          </reporter-output>
        </test-method> <!-- afterEachTestMethod -->
        <test-method status="PASS" signature="afterMethod()[pri:0, instance:keyword.TestFeatures@6737fd8f]" name="afterMethod" is-config="true" duration-ms="1" started-at="2018-05-23T01:24:01Z" finished-at="2018-05-23T01:24:01Z">
          <reporter-output>
          </reporter-output>
        </test-method> <!-- afterMethod -->
      </class> <!-- keyword.TestFeatures -->
      <class name="excelReader.TestEnterZip">
        <test-method status="PASS" signature="extentSetup(org.testng.ITestContext)[pri:0, instance:excelReader.TestEnterZip@1efed156]" name="extentSetup" is-config="true" duration-ms="679" started-at="2018-05-23T01:22:59Z" finished-at="2018-05-23T01:23:00Z">
          <params>
            <param index="0">
              <value>
                <![CDATA[org.testng.TestRunner@45be7cd5]]>
              </value>
            </param>
          </params>
          <reporter-output>
            <line>
              <![CDATA[Extent Report Directory/Users/bravo1516/Web-Automation-Framework/WebAuto-Framework/Statefarm/test-output/html]]>
            </line>
          </reporter-output>
        </test-method> <!-- extentSetup -->
        <test-method status="PASS" signature="setUp(boolean, java.lang.String, java.lang.String, java.lang.String, java.lang.String, java.lang.String, java.lang.String)[pri:0, instance:excelReader.TestEnterZip@1efed156]" name="setUp" is-config="true" duration-ms="8916" started-at="2018-05-23T01:23:00Z" finished-at="2018-05-23T01:23:09Z">
          <params>
            <param index="0">
              <value>
                <![CDATA[true]]>
              </value>
            </param>
            <param index="1">
              <value>
                <![CDATA[browserstack]]>
              </value>
            </param>
            <param index="2">
              <value>
                <![CDATA[OS X]]>
              </value>
            </param>
            <param index="3">
              <value>
                <![CDATA[Sierra]]>
              </value>
            </param>
            <param index="4">
              <value>
                <![CDATA[firefox]]>
              </value>
            </param>
            <param index="5">
              <value>
                <![CDATA[53.0]]>
              </value>
            </param>
            <param index="6">
              <value>
                <![CDATA[https://www.statefarm.com/]]>
              </value>
            </param>
          </params>
          <reporter-output>
          </reporter-output>
        </test-method> <!-- setUp -->
        <test-method status="PASS" signature="startExtent(java.lang.reflect.Method)[pri:0, instance:excelReader.TestEnterZip@1efed156]" name="startExtent" is-config="true" duration-ms="8" started-at="2018-05-23T01:23:09Z" finished-at="2018-05-23T01:23:09Z">
          <params>
            <param index="0">
              <value>
                <![CDATA[public void excelReader.TestEnterZip.findQoutebyExcel() throws java.lang.InterruptedException,java.io.IOException]]>
              </value>
            </param>
          </params>
          <reporter-output>
          </reporter-output>
        </test-method> <!-- startExtent -->
        <test-method status="PASS" signature="findQoutebyExcel()[pri:0, instance:excelReader.TestEnterZip@1efed156]" name="findQoutebyExcel" duration-ms="24856" started-at="2018-05-23T01:23:09Z" finished-at="2018-05-23T01:23:34Z">
          <reporter-output>
          </reporter-output>
        </test-method> <!-- findQoutebyExcel -->
        <test-method status="PASS" signature="afterEachTestMethod(org.testng.ITestResult)[pri:0, instance:excelReader.TestEnterZip@1efed156]" name="afterEachTestMethod" is-config="true" duration-ms="550" started-at="2018-05-23T01:23:34Z" finished-at="2018-05-23T01:23:34Z">
          <params>
            <param index="0">
              <value>
                <![CDATA[[TestResult name=findQoutebyExcel status=SUCCESS method=TestEnterZip.findQoutebyExcel()[pri:0, instance:excelReader.TestEnterZip@1efed156] output={null}]]]>
              </value>
            </param>
          </params>
          <reporter-output>
          </reporter-output>
        </test-method> <!-- afterEachTestMethod -->
        <test-method status="PASS" signature="afterMethod()[pri:0, instance:excelReader.TestEnterZip@1efed156]" name="afterMethod" is-config="true" duration-ms="1" started-at="2018-05-23T01:23:34Z" finished-at="2018-05-23T01:23:34Z">
          <reporter-output>
          </reporter-output>
        </test-method> <!-- afterMethod -->
        <test-method status="PASS" signature="generateReport()[pri:0, instance:excelReader.TestEnterZip@1efed156]" name="generateReport" is-config="true" duration-ms="71" started-at="2018-05-23T01:24:19Z" finished-at="2018-05-23T01:24:19Z">
          <reporter-output>
          </reporter-output>
        </test-method> <!-- generateReport -->
      </class> <!-- excelReader.TestEnterZip -->
      <class name="database.page.TestSqlDataPage">
        <test-method status="PASS" signature="setUp(boolean, java.lang.String, java.lang.String, java.lang.String, java.lang.String, java.lang.String, java.lang.String)[pri:0, instance:database.page.TestSqlDataPage@72b6cbcc]" name="setUp" is-config="true" duration-ms="6741" started-at="2018-05-23T01:24:01Z" finished-at="2018-05-23T01:24:08Z">
          <params>
            <param index="0">
              <value>
                <![CDATA[true]]>
              </value>
            </param>
            <param index="1">
              <value>
                <![CDATA[browserstack]]>
              </value>
            </param>
            <param index="2">
              <value>
                <![CDATA[OS X]]>
              </value>
            </param>
            <param index="3">
              <value>
                <![CDATA[Sierra]]>
              </value>
            </param>
            <param index="4">
              <value>
                <![CDATA[firefox]]>
              </value>
            </param>
            <param index="5">
              <value>
                <![CDATA[53.0]]>
              </value>
            </param>
            <param index="6">
              <value>
                <![CDATA[https://www.statefarm.com/]]>
              </value>
            </param>
          </params>
          <reporter-output>
          </reporter-output>
        </test-method> <!-- setUp -->
        <test-method status="PASS" signature="startExtent(java.lang.reflect.Method)[pri:0, instance:database.page.TestSqlDataPage@72b6cbcc]" name="startExtent" is-config="true" duration-ms="1" started-at="2018-05-23T01:24:08Z" finished-at="2018-05-23T01:24:08Z">
          <params>
            <param index="0">
              <value>
                <![CDATA[public void database.page.TestSqlDataPage.testDataBase() throws java.lang.InterruptedException,java.lang.Exception]]>
              </value>
            </param>
          </params>
          <reporter-output>
          </reporter-output>
        </test-method> <!-- startExtent -->
        <test-method status="PASS" signature="testDataBase()[pri:0, instance:database.page.TestSqlDataPage@72b6cbcc]" name="testDataBase" duration-ms="10754" started-at="2018-05-23T01:24:08Z" finished-at="2018-05-23T01:24:19Z">
          <reporter-output>
          </reporter-output>
        </test-method> <!-- testDataBase -->
        <test-method status="PASS" signature="afterEachTestMethod(org.testng.ITestResult)[pri:0, instance:database.page.TestSqlDataPage@72b6cbcc]" name="afterEachTestMethod" is-config="true" duration-ms="69" started-at="2018-05-23T01:24:19Z" finished-at="2018-05-23T01:24:19Z">
          <params>
            <param index="0">
              <value>
                <![CDATA[[TestResult name=testDataBase status=SUCCESS method=TestSqlDataPage.testDataBase()[pri:0, instance:database.page.TestSqlDataPage@72b6cbcc] output={null}]]]>
              </value>
            </param>
          </params>
          <reporter-output>
          </reporter-output>
        </test-method> <!-- afterEachTestMethod -->
        <test-method status="PASS" signature="afterMethod()[pri:0, instance:database.page.TestSqlDataPage@72b6cbcc]" name="afterMethod" is-config="true" duration-ms="0" started-at="2018-05-23T01:24:19Z" finished-at="2018-05-23T01:24:19Z">
          <reporter-output>
          </reporter-output>
        </test-method> <!-- afterMethod -->
      </class> <!-- database.page.TestSqlDataPage -->
    </test> <!-- Statefarm Home -->
  </suite> <!-- Statefarm Automation Script -->
</testng-results>
