<?xml version="1.0" encoding="UTF-8"?>
<!-- Generated by org.testng.reporters.JUnitXMLReporter -->
<testsuite hostname="Muhammads-MacBook-Air.local" ignored="4" name="Statefarm Home" tests="3" failures="0" timestamp="23 May 2018 01:24:19 GMT" time="78.757" errors="0">
  <testcase name="findQoutebyExcel" time="24.856" classname="excelReader.TestEnterZip"/>
  <testcase name="testKeyword" time="19.917" classname="keyword.TestFeatures"/>
  <testcase name="testDataBase" time="10.754" classname="database.page.TestSqlDataPage"/>
  <testcase name="@AfterSuite generateReport" time="0.0" classname="base.CommonAPI">
    <ignored/>
  </testcase> <!-- @AfterSuite generateReport -->
  <testcase name="@AfterSuite generateReport" time="0.0" classname="base.CommonAPI">
    <ignored/>
  </testcase> <!-- @AfterSuite generateReport -->
  <testcase name="@BeforeSuite extentSetup" time="0.0" classname="base.CommonAPI">
    <ignored/>
  </testcase> <!-- @BeforeSuite extentSetup -->
  <testcase name="@BeforeSuite extentSetup" time="0.0" classname="base.CommonAPI">
    <ignored/>
  </testcase> <!-- @BeforeSuite extentSetup -->
</testsuite> <!-- Statefarm Home -->
