<?xml version="1.0" encoding="UTF-8"?>
<!-- Generated by org.testng.reporters.JUnitXMLReporter -->
<testsuite hostname="Muhammads-MacBook-Air.local" ignored="0" name="Statefarm Home" tests="1" failures="1" timestamp="23 May 2018 20:35:30 GMT" time="26.225" errors="0">
  <testcase name="testDataBase" time="8.549" classname="database.page.TestSqlDataPage">
    <failure type="java.lang.NullPointerException">
      <![CDATA[java.lang.NullPointerException
at base.CommonAPI.getTextByXpath(CommonAPI.java:340)
at database.page.SqlDataPage.getAgentName(SqlDataPage.java:38)
at database.page.TestSqlDataPage.testDataBase(TestSqlDataPage.java:19)
... Removed 24 stack frames]]>
    </failure>
  </testcase> <!-- testDataBase -->
</testsuite> <!-- Statefarm Home -->
